<?xml version="1.0" encoding="UTF-8"?>
<testsuite name="ModelTest" tests="5" skipped="0" failures="0" errors="0" timestamp="2021-06-09T22:37:01" hostname="Ramzis-iMac.local" time="0.023">
  <properties/>
  <testcase name="testIsBoardFull()" classname="ModelTest" time="0.018"/>
  <testcase name="testHasPlayerWonVertically()" classname="ModelTest" time="0.002"/>
  <testcase name="testHasPlayerWonHorizontally()" classname="ModelTest" time="0.0"/>
  <testcase name="testHasPlayerWonDiagonally()" classname="ModelTest" time="0.0"/>
  <testcase name="testHasPlayerWonDiagonally2()" classname="ModelTest" time="0.0"/>
  <system-out><![CDATA[]]></system-out>
  <system-err><![CDATA[]]></system-err>
</testsuite>
