<?xml version="1.0" encoding="UTF-8"?>
<testsuite name="ModelTest" tests="4" skipped="0" failures="0" errors="0" timestamp="2021-06-09T19:24:37" hostname="Ramzis-iMac.local" time="0.023">
  <properties/>
  <testcase name="testIsBoardFull()" classname="ModelTest" time="0.017"/>
  <testcase name="testHasPlayerWonVertically()" classname="ModelTest" time="0.002"/>
  <testcase name="testHasPlayerWonHorizontally()" classname="ModelTest" time="0.001"/>
  <testcase name="testHasPlayerWonDiagonally()" classname="ModelTest" time="0.002"/>
  <system-out><![CDATA[]]></system-out>
  <system-err><![CDATA[]]></system-err>
</testsuite>
